\BOOKMARK [1][-]{section.1}{\376\377\000I\000n\000t\000r\000o\000d\000u\000c\000t\000i\000o\000n}{}% 1
\BOOKMARK [2][-]{subsection.1.1}{\376\377\000P\000u\000r\000p\000o\000s\000e}{section.1}% 2
\BOOKMARK [2][-]{subsection.1.2}{\376\377\000S\000c\000o\000p\000e}{section.1}% 3
\BOOKMARK [2][-]{subsection.1.3}{\376\377\000I\000n\000t\000e\000n\000d\000e\000d\000\040\000A\000u\000d\000i\000e\000n\000c\000e}{section.1}% 4
\BOOKMARK [2][-]{subsection.1.4}{\376\377\000D\000o\000c\000u\000m\000e\000n\000t\000\040\000O\000v\000e\000r\000v\000i\000e\000w}{section.1}% 5
\BOOKMARK [2][-]{subsection.1.5}{\376\377\000D\000e\000f\000i\000n\000i\000t\000i\000o\000n\000s\000,\000\040\000A\000c\000r\000o\000n\000y\000m\000s\000,\000\040\000a\000n\000d\000\040\000A\000b\000b\000r\000e\000v\000i\000a\000t\000i\000o\000n\000s}{section.1}% 6
\BOOKMARK [1][-]{section.2}{\376\377\000U\000s\000e\000r\000\040\000S\000t\000o\000r\000i\000e\000s}{}% 7
\BOOKMARK [2][-]{subsection.2.1}{\376\377\000U\000s\000e\000r\000\040\000S\000t\000o\000r\000y\000\040\000\043\0001\000:\000\040\000S\000y\000n\000c\000\040\000U\000p\000d\000a\000t\000e\000s}{section.2}% 8
\BOOKMARK [2][-]{subsection.2.2}{\376\377\000U\000s\000e\000r\000\040\000S\000t\000o\000r\000y\000\040\000\043\0002\000:\000\040\000D\000o\000w\000n\000l\000o\000a\000d\000\040\000L\000a\000n\000g\000u\000a\000g\000e\000\040\000R\000e\000s\000o\000u\000r\000c\000e\000s\000\040\000f\000o\000r\000\040\000O\000f\000f\000l\000i\000n\000e\000\040\000A\000c\000c\000e\000s\000s}{section.2}% 9
\BOOKMARK [2][-]{subsection.2.3}{\376\377\000U\000s\000e\000r\000\040\000S\000t\000o\000r\000y\000\040\000\043\0003\000:\000\040\000S\000e\000a\000r\000c\000h\000\040\000F\000e\000a\000t\000u\000r\000e}{section.2}% 10
\BOOKMARK [2][-]{subsection.2.4}{\376\377\000U\000s\000e\000r\000\040\000S\000t\000o\000r\000y\000\040\000\043\0004\000:\000\040\000F\000e\000e\000d\000b\000a\000c\000k\000\040\000S\000u\000b\000m\000i\000s\000s\000i\000o\000n\000s}{section.2}% 11
\BOOKMARK [2][-]{subsection.2.5}{\376\377\000U\000s\000e\000r\000\040\000S\000t\000o\000r\000y\000\040\000\043\0005\000:\000\040\000G\000a\000m\000i\000f\000i\000c\000a\000t\000i\000o\000n\000\040\000F\000e\000a\000t\000u\000r\000e}{section.2}% 12
\BOOKMARK [2][-]{subsection.2.6}{\376\377\000U\000s\000e\000r\000\040\000S\000t\000o\000r\000y\000\040\000\043\0006\000:\000\040\000U\000p\000V\000o\000t\000e\000\040\000S\000y\000s\000t\000e\000m}{section.2}% 13
\BOOKMARK [2][-]{subsection.2.7}{\376\377\000U\000s\000e\000r\000\040\000S\000t\000o\000r\000y\000\040\000\043\0007\000.\0001\000:\000\040\000W\000o\000r\000d\000\040\000F\000r\000e\000q\000u\000e\000n\000c\000y\000\040\000T\000r\000e\000n\000d\000s}{section.2}% 14
\BOOKMARK [2][-]{subsection.2.8}{\376\377\000U\000s\000e\000r\000\040\000S\000t\000o\000r\000y\000\040\000\043\0007\000.\0002\000:\000\040\000C\000o\000n\000t\000r\000i\000b\000u\000t\000i\000o\000n\000\040\000A\000n\000a\000l\000y\000t\000i\000c\000s}{section.2}% 15
\BOOKMARK [2][-]{subsection.2.9}{\376\377\000U\000s\000e\000r\000\040\000S\000t\000o\000r\000y\000\040\000\043\0007\000.\0003\000:\000\040\000T\000r\000e\000n\000d\000i\000n\000g\000\040\000T\000e\000r\000m\000s}{section.2}% 16
\BOOKMARK [2][-]{subsection.2.10}{\376\377\000U\000s\000e\000r\000\040\000S\000t\000o\000r\000y\000\040\000\043\0008\000:\000\040\000R\000e\000s\000p\000o\000n\000s\000i\000v\000e\000\040\000D\000e\000s\000i\000g\000n}{section.2}% 17
\BOOKMARK [2][-]{subsection.2.11}{\376\377\000U\000s\000e\000r\000\040\000S\000t\000o\000r\000y\000\040\000\043\0009\000:\000\040\000D\000i\000c\000t\000i\000o\000n\000a\000r\000y\000\040\000a\000n\000d\000\040\000G\000l\000o\000s\000s\000a\000r\000y}{section.2}% 18
\BOOKMARK [2][-]{subsection.2.12}{\376\377\000U\000s\000e\000r\000\040\000S\000t\000o\000r\000y\000\040\000\043\0001\0000\000:\000\040\000G\000l\000o\000s\000s\000a\000r\000y\000\040\000C\000a\000t\000e\000g\000o\000r\000y\000\040\000N\000a\000v\000i\000g\000a\000t\000i\000o\000n}{section.2}% 19
\BOOKMARK [2][-]{subsection.2.13}{\376\377\000U\000s\000e\000r\000\040\000S\000t\000o\000r\000y\000\040\000\043\0001\0001\000:\000\040\000T\000e\000r\000m\000\040\000B\000a\000n\000k\000\040\000T\000r\000a\000n\000s\000l\000a\000t\000i\000o\000n\000s}{section.2}% 20
\BOOKMARK [2][-]{subsection.2.14}{\376\377\000U\000s\000e\000r\000\040\000S\000t\000o\000r\000y\000\040\000\043\0001\0002\000:\000\040\000T\000e\000r\000m\000\040\000S\000u\000b\000m\000i\000s\000s\000i\000o\000n}{section.2}% 21
\BOOKMARK [2][-]{subsection.2.15}{\376\377\000U\000s\000e\000r\000\040\000S\000t\000o\000r\000y\000\040\000\043\0001\0003\000:\000\040\000T\000r\000a\000n\000s\000l\000a\000t\000i\000o\000n\000\040\000L\000i\000n\000k\000i\000n\000g}{section.2}% 22
\BOOKMARK [2][-]{subsection.2.16}{\376\377\000U\000s\000e\000r\000\040\000S\000t\000o\000r\000y\000\040\000\043\0001\0004\000:\000\040\000E\000d\000i\000t\000\040\000S\000u\000g\000g\000e\000s\000t\000i\000o\000n\000s}{section.2}% 23
\BOOKMARK [2][-]{subsection.2.17}{\376\377\000U\000s\000e\000r\000\040\000S\000t\000o\000r\000y\000\040\000\043\0001\0005\000:\000\040\000S\000u\000b\000m\000i\000s\000s\000i\000o\000n\000\040\000M\000a\000n\000a\000g\000e\000m\000e\000n\000t}{section.2}% 24
\BOOKMARK [2][-]{subsection.2.18}{\376\377\000U\000s\000e\000r\000\040\000S\000t\000o\000r\000y\000\040\000\043\0001\0006\000:\000\040\000C\000r\000o\000w\000d\000\040\000V\000o\000t\000i\000n\000g}{section.2}% 25
\BOOKMARK [2][-]{subsection.2.19}{\376\377\000U\000s\000e\000r\000\040\000S\000t\000o\000r\000y\000\040\000\043\0001\0007\000:\000\040\000L\000i\000n\000g\000u\000i\000s\000t\000\040\000V\000e\000r\000i\000f\000i\000c\000a\000t\000i\000o\000n}{section.2}% 26
\BOOKMARK [2][-]{subsection.2.20}{\376\377\000U\000s\000e\000r\000\040\000S\000t\000o\000r\000y\000\040\000\043\0001\0008\000:\000\040\000A\000d\000m\000i\000n\000\040\000A\000p\000p\000r\000o\000v\000a\000l}{section.2}% 27
\BOOKMARK [2][-]{subsection.2.21}{\376\377\000U\000s\000e\000r\000\040\000S\000t\000o\000r\000y\000\040\000\043\0001\0009\000:\000\040\000S\000u\000b\000m\000i\000s\000s\000i\000o\000n\000\040\000D\000e\000l\000e\000t\000i\000o\000n}{section.2}% 28
\BOOKMARK [2][-]{subsection.2.22}{\376\377\000U\000s\000e\000r\000\040\000S\000t\000o\000r\000y\000\040\000\043\0002\0000\000:\000\040\000F\000e\000e\000d\000b\000a\000c\000k\000\040\000V\000i\000s\000i\000b\000i\000l\000i\000t\000y}{section.2}% 29
\BOOKMARK [2][-]{subsection.2.23}{\376\377\000U\000s\000e\000r\000\040\000S\000t\000o\000r\000y\000\040\000\043\0002\0001\000:\000\040\000M\000u\000l\000t\000i\000-\000l\000a\000n\000g\000u\000a\000g\000e\000\040\000S\000u\000p\000p\000o\000r\000t}{section.2}% 30
\BOOKMARK [2][-]{subsection.2.24}{\376\377\000U\000s\000e\000r\000\040\000S\000t\000o\000r\000y\000\040\000\043\0002\0002\000:\000\040\000T\000e\000r\000m\000\040\000B\000a\000n\000k\000\040\000T\000r\000a\000n\000s\000l\000a\000t\000i\000o\000n\000s}{section.2}% 31
\BOOKMARK [1][-]{section.3}{\376\377\000U\000s\000e\000\040\000C\000a\000s\000e\000\040\000D\000i\000a\000g\000r\000a\000m\000s}{}% 32
\BOOKMARK [2][-]{subsection.3.1}{\376\377\000R\000e\000g\000i\000s\000t\000r\000a\000t\000i\000o\000n\000\040\000a\000n\000d\000\040\000L\000o\000g\000i\000n\000\040\000U\000s\000e\000\040\000C\000a\000s\000e\000\040\000D\000i\000a\000g\000r\000a\000m}{section.3}% 33
\BOOKMARK [2][-]{subsection.3.2}{\376\377\000I\000n\000t\000e\000r\000f\000a\000c\000e\000\040\000L\000a\000n\000g\000u\000a\000g\000e\000\040\000S\000w\000i\000t\000c\000h\000i\000n\000g\000\040\000U\000s\000e\000\040\000C\000a\000s\000e\000\040\000D\000i\000a\000g\000r\000a\000m}{section.3}% 34
\BOOKMARK [2][-]{subsection.3.3}{\376\377\000S\000e\000a\000r\000c\000h\000\040\000T\000e\000r\000m\000\040\000U\000s\000e\000\040\000C\000a\000s\000e\000\040\000D\000i\000a\000g\000r\000a\000m}{section.3}% 35
\BOOKMARK [2][-]{subsection.3.4}{\376\377\000G\000a\000m\000i\000f\000i\000c\000a\000t\000i\000o\000n\000\040\000U\000s\000e\000\040\000C\000a\000s\000e\000\040\000D\000i\000a\000g\000r\000a\000m}{section.3}% 36
\BOOKMARK [2][-]{subsection.3.5}{\376\377\000V\000i\000s\000u\000a\000l\000i\000z\000a\000t\000i\000o\000n\000\040\000U\000s\000e\000\040\000C\000a\000s\000e\000\040\000D\000i\000a\000g\000r\000a\000m}{section.3}% 37
\BOOKMARK [2][-]{subsection.3.6}{\376\377\000T\000h\000e\000m\000e\000s\000\040\000U\000s\000e\000\040\000C\000a\000s\000e\000\040\000D\000i\000a\000g\000r\000a\000m}{section.3}% 38
\BOOKMARK [2][-]{subsection.3.7}{\376\377\000C\000o\000n\000t\000r\000i\000b\000u\000t\000i\000o\000n\000s\000\040\000U\000s\000e\000\040\000C\000a\000s\000e\000\040\000D\000i\000a\000g\000r\000a\000m}{section.3}% 39
\BOOKMARK [2][-]{subsection.3.8}{\376\377\000D\000i\000c\000t\000i\000o\000n\000a\000r\000y\000\040\000U\000s\000e\000\040\000C\000a\000s\000e\000\040\000D\000i\000a\000g\000r\000a\000m}{section.3}% 40
\BOOKMARK [2][-]{subsection.3.9}{\376\377\000A\000d\000m\000i\000n\000\040\000U\000s\000e\000\040\000C\000a\000s\000e\000\040\000D\000i\000a\000g\000r\000a\000m}{section.3}% 41
\BOOKMARK [2][-]{subsection.3.10}{\376\377\000E\000x\000p\000o\000r\000t\000\040\000U\000s\000e\000\040\000C\000a\000s\000e\000\040\000D\000i\000a\000g\000r\000a\000m}{section.3}% 42
\BOOKMARK [2][-]{subsection.3.11}{\376\377\000T\000e\000r\000m\000\040\000A\000d\000d\000i\000t\000i\000o\000n\000s\000\040\000a\000n\000d\000\040\000V\000e\000r\000i\000f\000i\000c\000a\000t\000i\000o\000n\000\040\000C\000a\000s\000e\000\040\000D\000i\000a\000g\000r\000a\000m}{section.3}% 43
\BOOKMARK [2][-]{subsection.3.12}{\376\377\000O\000v\000e\000r\000v\000i\000e\000w}{section.3}% 44
\BOOKMARK [1][-]{section.4}{\376\377\000F\000u\000n\000c\000t\000i\000o\000n\000a\000l\000\040\000R\000e\000q\000u\000i\000r\000e\000m\000e\000n\000t\000s}{}% 45
\BOOKMARK [1][-]{section.5}{\376\377\000N\000o\000n\000-\000F\000u\000n\000c\000t\000i\000o\000n\000a\000l\000\040\000R\000e\000q\000u\000i\000r\000e\000m\000e\000n\000t\000s}{}% 46
\BOOKMARK [1][-]{section.6}{\376\377\000C\000o\000n\000s\000t\000r\000a\000i\000n\000t\000s}{}% 47
\BOOKMARK [2][-]{subsection.6.1}{\376\377\000O\000v\000e\000r\000v\000i\000e\000w}{section.6}% 48
\BOOKMARK [2][-]{subsection.6.2}{\376\377\000C\000o\000n\000s\000t\000r\000a\000i\000n\000t\000s}{section.6}% 49
\BOOKMARK [2][-]{subsection.6.3}{\376\377\000S\000u\000m\000m\000a\000r\000y}{section.6}% 50
\BOOKMARK [1][-]{section.7}{\376\377\000D\000o\000m\000a\000i\000n\000\040\000M\000o\000d\000e\000l}{}% 51
\BOOKMARK [1][-]{section.8}{\376\377\000A\000r\000c\000h\000i\000t\000e\000c\000t\000u\000r\000a\000l\000\040\000S\000p\000e\000c\000i\000f\000i\000c\000a\000t\000i\000o\000n\000s\000\040\000\046\000\040\000S\000e\000r\000v\000i\000c\000e\000\040\000C\000o\000n\000t\000r\000a\000c\000t}{}% 52
